<?xml version="1.0" encoding="UTF-8"?>
<!-- Generated by org.testng.reporters.JUnitReportReporter -->
<testsuite skipped="0" hostname="LAPTOP-E7MB4N8R" name="com.actitime.testscript.CreateCustomer" tests="1" failures="0" timestamp="2022-10-07T23:28:38 IST" time="20.193" errors="0">
  <testcase name="CreateCustomer" time="20.193" classname="com.actitime.testscript.CreateCustomer"/>
  <system-out/>
</testsuite> <!-- com.actitime.testscript.CreateCustomer -->
